<?xml version="1.0" encoding="UTF-8"?>
<testsuite xmlns:xsi="http://www.w3.org/2001/XMLSchema-instance" xsi:noNamespaceSchemaLocation="https://maven.apache.org/surefire/maven-surefire-plugin/xsd/surefire-test-report.xsd" name="com.Cucumber.Options.TestRunner" time="10.823" tests="2" errors="0" skipped="0" failures="0">
  <properties>
[...]
</properties>
  <testcase name="Verify fetching the location using valid placeID #1" classname="Verify Adding Location with Valid details" time="6.763"/>
  <testcase name="Fetch the user by ID" classname="User Details" time="1.89"/>
</testsuite>